<?xml version="1.0" encoding="UTF-8"?>
<testsuite xmlns:xsi="http://www.w3.org/2001/XMLSchema-instance" xsi:noNamespaceSchemaLocation="https://maven.apache.org/surefire/maven-surefire-plugin/xsd/surefire-test-report-3.0.xsd" version="3.0" name="com.elhewazy.blogg.BloggApplicationTests" time="6.805" tests="1" errors="0" skipped="0" failures="0">
  <properties>
[...]
</properties>
  <testcase name="contextLoads" classname="com.elhewazy.blogg.BloggApplicationTests" time="0.608">
    <system-out><![CDATA[02:55:24.121 [main] INFO org.springframework.test.context.support.AnnotationConfigContextLoaderUtils -- Could not detect default configuration classes for test class [com.elhewazy.blogg.BloggApplicationTests]: BloggApplicationTests does not declare any static, non-private, non-final, nested classes annotated with @Configuration.
02:55:24.233 [main] INFO org.springframework.boot.test.context.SpringBootTestContextBootstrapper -- Found @SpringBootConfiguration com.elhewazy.blogg.BloggApplication for test class com.elhewazy.blogg.BloggApplicationTests
  .   ____          _            __ _ _
 /\\ / ___'_ __ _ _(_)_ __  __ _ \ \ \ \
( ( )\___ | '_ | '_| | '_ \/ _` | \ \ \ \
 \\/  ___)| |_)| | | | | || (_| |  ) ) ) )
  '  |____| .__|_| |_|_| |_\__, | / / / /
 =========|_|==============|___/=/_/_/_/

 :: Spring Boot ::                (v3.3.0)

2024-06-18T02:55:24.841-05:00  INFO 4048 --- [blogg] [           main] c.elhewazy.blogg.BloggApplicationTests   : Starting BloggApplicationTests using Java 22.0.1 with PID 4048 (started by ahmed in C:\Users\ahmed\Downloads\blogg)
2024-06-18T02:55:24.843-05:00  INFO 4048 --- [blogg] [           main] c.elhewazy.blogg.BloggApplicationTests   : No active profile set, falling back to 1 default profile: "default"
2024-06-18T02:55:25.712-05:00  INFO 4048 --- [blogg] [           main] .s.d.r.c.RepositoryConfigurationDelegate : Bootstrapping Spring Data JPA repositories in DEFAULT mode.
2024-06-18T02:55:25.835-05:00  INFO 4048 --- [blogg] [           main] .s.d.r.c.RepositoryConfigurationDelegate : Finished Spring Data repository scanning in 114 ms. Found 2 JPA repository interfaces.
2024-06-18T02:55:26.436-05:00  INFO 4048 --- [blogg] [           main] o.hibernate.jpa.internal.util.LogHelper  : HHH000204: Processing PersistenceUnitInfo [name: default]
2024-06-18T02:55:26.518-05:00  INFO 4048 --- [blogg] [           main] org.hibernate.Version                    : HHH000412: Hibernate ORM core version 6.5.2.Final
2024-06-18T02:55:26.569-05:00  INFO 4048 --- [blogg] [           main] o.h.c.internal.RegionFactoryInitiator    : HHH000026: Second-level cache disabled
2024-06-18T02:55:26.906-05:00  INFO 4048 --- [blogg] [           main] o.s.o.j.p.SpringPersistenceUnitInfo      : No LoadTimeWeaver setup: ignoring JPA class transformer
2024-06-18T02:55:26.931-05:00  INFO 4048 --- [blogg] [           main] com.zaxxer.hikari.HikariDataSource       : HikariPool-1 - Starting...
2024-06-18T02:55:27.398-05:00  INFO 4048 --- [blogg] [           main] com.zaxxer.hikari.pool.HikariPool        : HikariPool-1 - Added connection com.mysql.cj.jdbc.ConnectionImpl@5ee6fdc4
2024-06-18T02:55:27.400-05:00  INFO 4048 --- [blogg] [           main] com.zaxxer.hikari.HikariDataSource       : HikariPool-1 - Start completed.
2024-06-18T02:55:28.441-05:00  INFO 4048 --- [blogg] [           main] o.h.e.t.j.p.i.JtaPlatformInitiator       : HHH000489: No JTA platform available (set 'hibernate.transaction.jta.platform' to enable JTA platform integration)
2024-06-18T02:55:28.511-05:00  INFO 4048 --- [blogg] [           main] j.LocalContainerEntityManagerFactoryBean : Initialized JPA EntityManagerFactory for persistence unit 'default'
2024-06-18T02:55:29.190-05:00  WARN 4048 --- [blogg] [           main] JpaBaseConfiguration$JpaWebConfiguration : spring.jpa.open-in-view is enabled by default. Therefore, database queries may be performed during view rendering. Explicitly configure spring.jpa.open-in-view to disable this warning
2024-06-18T02:55:29.602-05:00  WARN 4048 --- [blogg] [           main] ion$DefaultTemplateResolverConfiguration : Cannot find template location: classpath:/templates/ (please add some templates, check your Thymeleaf configuration, or set spring.thymeleaf.check-template-location=false)
2024-06-18T02:55:29.727-05:00  INFO 4048 --- [blogg] [           main] r$InitializeUserDetailsManagerConfigurer : Global AuthenticationManager configured with UserDetailsService bean with name inMemoryUserDetailsManager
2024-06-18T02:55:29.895-05:00  INFO 4048 --- [blogg] [           main] o.s.s.web.DefaultSecurityFilterChain     : Will secure any request with [org.springframework.security.web.session.DisableEncodeUrlFilter@36dbfa68, org.springframework.security.web.context.request.async.WebAsyncManagerIntegrationFilter@6a08113d, org.springframework.security.web.context.SecurityContextHolderFilter@6cd8c373, org.springframework.security.web.header.HeaderWriterFilter@28901fe7, org.springframework.web.filter.CorsFilter@480fb706, org.springframework.security.web.csrf.CsrfFilter@35fd03d9, org.springframework.security.web.authentication.logout.LogoutFilter@5dd5422f, org.springframework.security.web.authentication.UsernamePasswordAuthenticationFilter@2a41d17a, org.springframework.security.web.authentication.ui.DefaultLoginPageGeneratingFilter@40e41f88, org.springframework.security.web.authentication.ui.DefaultLogoutPageGeneratingFilter@66d766b9, org.springframework.security.web.authentication.www.BasicAuthenticationFilter@381c826c, org.springframework.security.web.savedrequest.RequestCacheAwareFilter@37806ccb, org.springframework.security.web.servletapi.SecurityContextHolderAwareRequestFilter@4a84beb7, org.springframework.security.web.authentication.AnonymousAuthenticationFilter@f36c8b1, org.springframework.security.web.access.ExceptionTranslationFilter@42bbd21c, org.springframework.security.web.access.intercept.AuthorizationFilter@3f9ee527]
2024-06-18T02:55:29.997-05:00  INFO 4048 --- [blogg] [           main] c.elhewazy.blogg.BloggApplicationTests   : Started BloggApplicationTests in 5.578 seconds (process running for 7.672)
]]></system-out>
    <system-err><![CDATA[WARNING: A Java agent has been loaded dynamically (C:\Users\ahmed\.m2\repository\net\bytebuddy\byte-buddy-agent\1.14.16\byte-buddy-agent-1.14.16.jar)
WARNING: If a serviceability tool is in use, please run with -XX:+EnableDynamicAgentLoading to hide this warning
WARNING: If a serviceability tool is not in use, please run with -Djdk.instrument.traceUsage for more information
WARNING: Dynamic loading of agents will be disallowed by default in a future release
]]></system-err>
  </testcase>
</testsuite>